2024-01-19 00:30:58.634315: I tensorflow/stream_executor/platform/default/dso_loader.cc:49] Successfully opened dynamic library libcudart.so.11.0
2024-01-19 00:30:59.612286: I tensorflow/core/platform/cpu_feature_guard.cc:142] This TensorFlow binary is optimized with oneAPI Deep Neural Network Library (oneDNN) to use the following CPU instructions in performance-critical operations:  AVX512F
To enable them in other operations, rebuild TensorFlow with the appropriate compiler flags.
2024-01-19 00:30:59.639680: I tensorflow/core/platform/profile_utils/cpu_utils.cc:112] CPU Frequency: 3499910000 Hz
2024-01-19 00:30:59.641633: I tensorflow/compiler/xla/service/service.cc:168] XLA service 0x25d1c40 initialized for platform Host (this does not guarantee that XLA will be used). Devices:
2024-01-19 00:30:59.641690: I tensorflow/compiler/xla/service/service.cc:176]   StreamExecutor device (0): Host, Default Version
2024-01-19 00:30:59.646096: I tensorflow/stream_executor/platform/default/dso_loader.cc:49] Successfully opened dynamic library libcuda.so.1
2024-01-19 00:30:59.863877: I tensorflow/compiler/xla/service/service.cc:168] XLA service 0x4026a10 initialized for platform CUDA (this does not guarantee that XLA will be used). Devices:
2024-01-19 00:30:59.863961: I tensorflow/compiler/xla/service/service.cc:176]   StreamExecutor device (0): NVIDIA GeForce RTX 3090, Compute Capability 8.6
2024-01-19 00:30:59.863986: I tensorflow/compiler/xla/service/service.cc:176]   StreamExecutor device (1): NVIDIA GeForce RTX 3090, Compute Capability 8.6
2024-01-19 00:30:59.864767: I tensorflow/core/common_runtime/gpu/gpu_device.cc:1720] Found device 0 with properties: 
pciBusID: 0000:17:00.0 name: NVIDIA GeForce RTX 3090 computeCapability: 8.6
coreClock: 1.755GHz coreCount: 82 deviceMemorySize: 23.69GiB deviceMemoryBandwidth: 871.81GiB/s
2024-01-19 00:30:59.865070: I tensorflow/core/common_runtime/gpu/gpu_device.cc:1720] Found device 1 with properties: 
pciBusID: 0000:65:00.0 name: NVIDIA GeForce RTX 3090 computeCapability: 8.6
coreClock: 1.755GHz coreCount: 82 deviceMemorySize: 23.69GiB deviceMemoryBandwidth: 871.81GiB/s
2024-01-19 00:30:59.865130: I tensorflow/stream_executor/platform/default/dso_loader.cc:49] Successfully opened dynamic library libcudart.so.11.0
2024-01-19 00:30:59.899403: I tensorflow/stream_executor/platform/default/dso_loader.cc:49] Successfully opened dynamic library libcublas.so.11
2024-01-19 00:30:59.899620: I tensorflow/stream_executor/platform/default/dso_loader.cc:49] Successfully opened dynamic library libcublasLt.so.11
2024-01-19 00:30:59.904438: I tensorflow/stream_executor/platform/default/dso_loader.cc:49] Successfully opened dynamic library libcufft.so.10
2024-01-19 00:30:59.904922: I tensorflow/stream_executor/platform/default/dso_loader.cc:49] Successfully opened dynamic library libcurand.so.10
2024-01-19 00:30:59.907291: I tensorflow/stream_executor/platform/default/dso_loader.cc:49] Successfully opened dynamic library libcusolver.so.10
2024-01-19 00:30:59.908570: I tensorflow/stream_executor/platform/default/dso_loader.cc:49] Successfully opened dynamic library libcusparse.so.11
2024-01-19 00:30:59.908887: I tensorflow/stream_executor/platform/default/dso_loader.cc:49] Successfully opened dynamic library libcudnn.so.8
2024-01-19 00:30:59.909757: I tensorflow/core/common_runtime/gpu/gpu_device.cc:1862] Adding visible gpu devices: 0, 1
2024-01-19 00:30:59.909819: I tensorflow/stream_executor/platform/default/dso_loader.cc:49] Successfully opened dynamic library libcudart.so.11.0
2024-01-19 00:30:59.923847: I tensorflow/core/common_runtime/gpu/gpu_device.cc:1261] Device interconnect StreamExecutor with strength 1 edge matrix:
2024-01-19 00:30:59.923884: I tensorflow/core/common_runtime/gpu/gpu_device.cc:1267]      0 1 
2024-01-19 00:30:59.923892: I tensorflow/core/common_runtime/gpu/gpu_device.cc:1280] 0:   N N 
2024-01-19 00:30:59.923895: I tensorflow/core/common_runtime/gpu/gpu_device.cc:1280] 1:   N N 
2024-01-19 00:30:59.924431: I tensorflow/core/common_runtime/gpu/gpu_device.cc:1406] Created TensorFlow device (/job:localhost/replica:0/task:0/device:GPU:0 with 22550 MB memory) -> physical GPU (device: 0, name: NVIDIA GeForce RTX 3090, pci bus id: 0000:17:00.0, compute capability: 8.6)
2024-01-19 00:30:59.925167: I tensorflow/core/common_runtime/gpu/gpu_device.cc:1406] Created TensorFlow device (/job:localhost/replica:0/task:0/device:GPU:1 with 22535 MB memory) -> physical GPU (device: 1, name: NVIDIA GeForce RTX 3090, pci bus id: 0000:65:00.0, compute capability: 8.6)
2024-01-19 00:31:00.855866: I tensorflow/core/common_runtime/gpu/gpu_device.cc:1720] Found device 0 with properties: 
pciBusID: 0000:17:00.0 name: NVIDIA GeForce RTX 3090 computeCapability: 8.6
coreClock: 1.755GHz coreCount: 82 deviceMemorySize: 23.69GiB deviceMemoryBandwidth: 871.81GiB/s
2024-01-19 00:31:00.856075: I tensorflow/core/common_runtime/gpu/gpu_device.cc:1720] Found device 1 with properties: 
pciBusID: 0000:65:00.0 name: NVIDIA GeForce RTX 3090 computeCapability: 8.6
coreClock: 1.755GHz coreCount: 82 deviceMemorySize: 23.69GiB deviceMemoryBandwidth: 871.81GiB/s
2024-01-19 00:31:00.856111: I tensorflow/stream_executor/platform/default/dso_loader.cc:49] Successfully opened dynamic library libcudart.so.11.0
2024-01-19 00:31:00.856138: I tensorflow/stream_executor/platform/default/dso_loader.cc:49] Successfully opened dynamic library libcublas.so.11
2024-01-19 00:31:00.856146: I tensorflow/stream_executor/platform/default/dso_loader.cc:49] Successfully opened dynamic library libcublasLt.so.11
2024-01-19 00:31:00.856154: I tensorflow/stream_executor/platform/default/dso_loader.cc:49] Successfully opened dynamic library libcufft.so.10
2024-01-19 00:31:00.856162: I tensorflow/stream_executor/platform/default/dso_loader.cc:49] Successfully opened dynamic library libcurand.so.10
2024-01-19 00:31:00.856170: I tensorflow/stream_executor/platform/default/dso_loader.cc:49] Successfully opened dynamic library libcusolver.so.10
2024-01-19 00:31:00.856178: I tensorflow/stream_executor/platform/default/dso_loader.cc:49] Successfully opened dynamic library libcusparse.so.11
2024-01-19 00:31:00.856185: I tensorflow/stream_executor/platform/default/dso_loader.cc:49] Successfully opened dynamic library libcudnn.so.8
2024-01-19 00:31:00.856562: I tensorflow/core/common_runtime/gpu/gpu_device.cc:1862] Adding visible gpu devices: 0, 1
2024-01-19 00:31:00.857322: I tensorflow/core/common_runtime/gpu/gpu_device.cc:1720] Found device 0 with properties: 
pciBusID: 0000:17:00.0 name: NVIDIA GeForce RTX 3090 computeCapability: 8.6
coreClock: 1.755GHz coreCount: 82 deviceMemorySize: 23.69GiB deviceMemoryBandwidth: 871.81GiB/s
2024-01-19 00:31:00.857477: I tensorflow/core/common_runtime/gpu/gpu_device.cc:1720] Found device 1 with properties: 
pciBusID: 0000:65:00.0 name: NVIDIA GeForce RTX 3090 computeCapability: 8.6
coreClock: 1.755GHz coreCount: 82 deviceMemorySize: 23.69GiB deviceMemoryBandwidth: 871.81GiB/s
2024-01-19 00:31:00.857501: I tensorflow/stream_executor/platform/default/dso_loader.cc:49] Successfully opened dynamic library libcudart.so.11.0
2024-01-19 00:31:00.857520: I tensorflow/stream_executor/platform/default/dso_loader.cc:49] Successfully opened dynamic library libcublas.so.11
2024-01-19 00:31:00.857528: I tensorflow/stream_executor/platform/default/dso_loader.cc:49] Successfully opened dynamic library libcublasLt.so.11
2024-01-19 00:31:00.857536: I tensorflow/stream_executor/platform/default/dso_loader.cc:49] Successfully opened dynamic library libcufft.so.10
2024-01-19 00:31:00.857544: I tensorflow/stream_executor/platform/default/dso_loader.cc:49] Successfully opened dynamic library libcurand.so.10
2024-01-19 00:31:00.857551: I tensorflow/stream_executor/platform/default/dso_loader.cc:49] Successfully opened dynamic library libcusolver.so.10
2024-01-19 00:31:00.857559: I tensorflow/stream_executor/platform/default/dso_loader.cc:49] Successfully opened dynamic library libcusparse.so.11
2024-01-19 00:31:00.857566: I tensorflow/stream_executor/platform/default/dso_loader.cc:49] Successfully opened dynamic library libcudnn.so.8
2024-01-19 00:31:00.857896: I tensorflow/core/common_runtime/gpu/gpu_device.cc:1862] Adding visible gpu devices: 0, 1
2024-01-19 00:31:00.857944: I tensorflow/core/common_runtime/gpu/gpu_device.cc:1261] Device interconnect StreamExecutor with strength 1 edge matrix:
2024-01-19 00:31:00.857951: I tensorflow/core/common_runtime/gpu/gpu_device.cc:1267]      0 1 
2024-01-19 00:31:00.857955: I tensorflow/core/common_runtime/gpu/gpu_device.cc:1280] 0:   N N 
2024-01-19 00:31:00.857959: I tensorflow/core/common_runtime/gpu/gpu_device.cc:1280] 1:   N N 
2024-01-19 00:31:00.858280: I tensorflow/core/common_runtime/gpu/gpu_device.cc:1406] Created TensorFlow device (/job:localhost/replica:0/task:0/device:GPU:0 with 22550 MB memory) -> physical GPU (device: 0, name: NVIDIA GeForce RTX 3090, pci bus id: 0000:17:00.0, compute capability: 8.6)
2024-01-19 00:31:00.858389: I tensorflow/core/common_runtime/gpu/gpu_device.cc:1406] Created TensorFlow device (/job:localhost/replica:0/task:0/device:GPU:1 with 22535 MB memory) -> physical GPU (device: 1, name: NVIDIA GeForce RTX 3090, pci bus id: 0000:65:00.0, compute capability: 8.6)
2024-01-19 00:31:00.986303: I tensorflow/compiler/mlir/mlir_graph_optimization_pass.cc:116] None of the MLIR optimization passes are enabled (registered 2)
2024-01-19 00:31:01.535746: I tensorflow/stream_executor/platform/default/dso_loader.cc:49] Successfully opened dynamic library libcublas.so.11
2024-01-19 00:31:01.557485: I tensorflow/stream_executor/platform/default/dso_loader.cc:49] Successfully opened dynamic library libcublasLt.so.11
2024-01-19 00:31:01.601161: I tensorflow/stream_executor/platform/default/dso_loader.cc:49] Successfully opened dynamic library libcudnn.so.8
2024-01-19 00:31:04.055462: I tensorflow/stream_executor/cuda/cuda_blas.cc:1838] TensorFloat-32 will be used for the matrix multiplication. This will only be logged once.



2024-01-19 16:05:42.955369: I tensorflow/stream_executor/platform/default/dso_loader.cc:49] Successfully opened dynamic library libcudart.so.11.0
2024-01-19 16:05:44.859822: I tensorflow/stream_executor/platform/default/dso_loader.cc:49] Successfully opened dynamic library libcuda.so.1
2024-01-19 16:05:44.912442: I tensorflow/core/common_runtime/gpu/gpu_device.cc:1720] Found device 0 with properties: 
pciBusID: 0000:17:00.0 name: NVIDIA GeForce RTX 3090 computeCapability: 8.6
coreClock: 1.755GHz coreCount: 82 deviceMemorySize: 23.69GiB deviceMemoryBandwidth: 871.81GiB/s
2024-01-19 16:05:44.912657: I tensorflow/core/common_runtime/gpu/gpu_device.cc:1720] Found device 1 with properties: 
pciBusID: 0000:65:00.0 name: NVIDIA GeForce RTX 3090 computeCapability: 8.6
coreClock: 1.755GHz coreCount: 82 deviceMemorySize: 23.69GiB deviceMemoryBandwidth: 871.81GiB/s
2024-01-19 16:05:44.912689: I tensorflow/stream_executor/platform/default/dso_loader.cc:49] Successfully opened dynamic library libcudart.so.11.0
2024-01-19 16:05:44.930237: I tensorflow/stream_executor/platform/default/dso_loader.cc:49] Successfully opened dynamic library libcublas.so.11
2024-01-19 16:05:44.930361: I tensorflow/stream_executor/platform/default/dso_loader.cc:49] Successfully opened dynamic library libcublasLt.so.11
2024-01-19 16:05:44.932746: I tensorflow/stream_executor/platform/default/dso_loader.cc:49] Successfully opened dynamic library libcufft.so.10
2024-01-19 16:05:44.933090: I tensorflow/stream_executor/platform/default/dso_loader.cc:49] Successfully opened dynamic library libcurand.so.10
2024-01-19 16:05:44.934548: I tensorflow/stream_executor/platform/default/dso_loader.cc:49] Successfully opened dynamic library libcusolver.so.10
2024-01-19 16:05:44.935283: I tensorflow/stream_executor/platform/default/dso_loader.cc:49] Successfully opened dynamic library libcusparse.so.11
2024-01-19 16:05:44.935501: I tensorflow/stream_executor/platform/default/dso_loader.cc:49] Successfully opened dynamic library libcudnn.so.8
2024-01-19 16:05:44.936039: I tensorflow/core/common_runtime/gpu/gpu_device.cc:1862] Adding visible gpu devices: 0, 1
2024-01-19 16:05:44.936359: I tensorflow/core/platform/cpu_feature_guard.cc:142] This TensorFlow binary is optimized with oneAPI Deep Neural Network Library (oneDNN) to use the following CPU instructions in performance-critical operations:  AVX512F
To enable them in other operations, rebuild TensorFlow with the appropriate compiler flags.
2024-01-19 16:05:44.963709: I tensorflow/core/platform/profile_utils/cpu_utils.cc:112] CPU Frequency: 3499910000 Hz
2024-01-19 16:05:44.965804: I tensorflow/compiler/xla/service/service.cc:168] XLA service 0x27b0fb0 initialized for platform Host (this does not guarantee that XLA will be used). Devices:
2024-01-19 16:05:44.965851: I tensorflow/compiler/xla/service/service.cc:176]   StreamExecutor device (0): Host, Default Version
2024-01-19 16:05:45.120755: I tensorflow/compiler/xla/service/service.cc:168] XLA service 0x41deff0 initialized for platform CUDA (this does not guarantee that XLA will be used). Devices:
2024-01-19 16:05:45.120786: I tensorflow/compiler/xla/service/service.cc:176]   StreamExecutor device (0): NVIDIA GeForce RTX 3090, Compute Capability 8.6
2024-01-19 16:05:45.120791: I tensorflow/compiler/xla/service/service.cc:176]   StreamExecutor device (1): NVIDIA GeForce RTX 3090, Compute Capability 8.6
2024-01-19 16:05:45.121164: I tensorflow/core/common_runtime/gpu/gpu_device.cc:1720] Found device 0 with properties: 
pciBusID: 0000:17:00.0 name: NVIDIA GeForce RTX 3090 computeCapability: 8.6
coreClock: 1.755GHz coreCount: 82 deviceMemorySize: 23.69GiB deviceMemoryBandwidth: 871.81GiB/s
2024-01-19 16:05:45.121295: I tensorflow/core/common_runtime/gpu/gpu_device.cc:1720] Found device 1 with properties: 
pciBusID: 0000:65:00.0 name: NVIDIA GeForce RTX 3090 computeCapability: 8.6
coreClock: 1.755GHz coreCount: 82 deviceMemorySize: 23.69GiB deviceMemoryBandwidth: 871.81GiB/s
2024-01-19 16:05:45.121327: I tensorflow/stream_executor/platform/default/dso_loader.cc:49] Successfully opened dynamic library libcudart.so.11.0
2024-01-19 16:05:45.121360: I tensorflow/stream_executor/platform/default/dso_loader.cc:49] Successfully opened dynamic library libcublas.so.11
2024-01-19 16:05:45.121378: I tensorflow/stream_executor/platform/default/dso_loader.cc:49] Successfully opened dynamic library libcublasLt.so.11
2024-01-19 16:05:45.121387: I tensorflow/stream_executor/platform/default/dso_loader.cc:49] Successfully opened dynamic library libcufft.so.10
2024-01-19 16:05:45.121397: I tensorflow/stream_executor/platform/default/dso_loader.cc:49] Successfully opened dynamic library libcurand.so.10
2024-01-19 16:05:45.121405: I tensorflow/stream_executor/platform/default/dso_loader.cc:49] Successfully opened dynamic library libcusolver.so.10
2024-01-19 16:05:45.121415: I tensorflow/stream_executor/platform/default/dso_loader.cc:49] Successfully opened dynamic library libcusparse.so.11
2024-01-19 16:05:45.121424: I tensorflow/stream_executor/platform/default/dso_loader.cc:49] Successfully opened dynamic library libcudnn.so.8
2024-01-19 16:05:45.121773: I tensorflow/core/common_runtime/gpu/gpu_device.cc:1862] Adding visible gpu devices: 0, 1
2024-01-19 16:05:45.121805: I tensorflow/stream_executor/platform/default/dso_loader.cc:49] Successfully opened dynamic library libcudart.so.11.0
2024-01-19 16:05:45.131728: I tensorflow/core/common_runtime/gpu/gpu_device.cc:1261] Device interconnect StreamExecutor with strength 1 edge matrix:
2024-01-19 16:05:45.131758: I tensorflow/core/common_runtime/gpu/gpu_device.cc:1267]      0 1 
2024-01-19 16:05:45.131765: I tensorflow/core/common_runtime/gpu/gpu_device.cc:1280] 0:   N N 
2024-01-19 16:05:45.131769: I tensorflow/core/common_runtime/gpu/gpu_device.cc:1280] 1:   N N 
2024-01-19 16:05:45.132177: I tensorflow/core/common_runtime/gpu/gpu_device.cc:1406] Created TensorFlow device (/job:localhost/replica:0/task:0/device:GPU:0 with 22550 MB memory) -> physical GPU (device: 0, name: NVIDIA GeForce RTX 3090, pci bus id: 0000:17:00.0, compute capability: 8.6)
2024-01-19 16:05:45.132664: I tensorflow/core/common_runtime/gpu/gpu_device.cc:1406] Created TensorFlow device (/job:localhost/replica:0/task:0/device:GPU:1 with 22535 MB memory) -> physical GPU (device: 1, name: NVIDIA GeForce RTX 3090, pci bus id: 0000:65:00.0, compute capability: 8.6)
2024-01-19 16:05:45.423111: I tensorflow/compiler/mlir/mlir_graph_optimization_pass.cc:116] None of the MLIR optimization passes are enabled (registered 2)
2024-01-19 16:05:45.967644: I tensorflow/stream_executor/platform/default/dso_loader.cc:49] Successfully opened dynamic library libcublas.so.11
2024-01-19 16:05:45.981658: I tensorflow/stream_executor/platform/default/dso_loader.cc:49] Successfully opened dynamic library libcublasLt.so.11
2024-01-19 16:05:46.017019: I tensorflow/stream_executor/platform/default/dso_loader.cc:49] Successfully opened dynamic library libcudnn.so.8
2024-01-19 16:05:48.472658: I tensorflow/stream_executor/cuda/cuda_blas.cc:1838] TensorFloat-32 will be used for the matrix multiplication. This will only be logged once.



2024-01-19 17:48:14.390354: I tensorflow/stream_executor/platform/default/dso_loader.cc:49] Successfully opened dynamic library libcudart.so.11.0
2024-01-19 17:48:16.287250: I tensorflow/stream_executor/platform/default/dso_loader.cc:49] Successfully opened dynamic library libcuda.so.1
2024-01-19 17:48:16.341291: I tensorflow/core/common_runtime/gpu/gpu_device.cc:1720] Found device 0 with properties: 
pciBusID: 0000:17:00.0 name: NVIDIA GeForce RTX 3090 computeCapability: 8.6
coreClock: 1.755GHz coreCount: 82 deviceMemorySize: 23.69GiB deviceMemoryBandwidth: 871.81GiB/s
2024-01-19 17:48:16.341488: I tensorflow/core/common_runtime/gpu/gpu_device.cc:1720] Found device 1 with properties: 
pciBusID: 0000:65:00.0 name: NVIDIA GeForce RTX 3090 computeCapability: 8.6
coreClock: 1.755GHz coreCount: 82 deviceMemorySize: 23.69GiB deviceMemoryBandwidth: 871.81GiB/s
2024-01-19 17:48:16.341525: I tensorflow/stream_executor/platform/default/dso_loader.cc:49] Successfully opened dynamic library libcudart.so.11.0
2024-01-19 17:48:16.358568: I tensorflow/stream_executor/platform/default/dso_loader.cc:49] Successfully opened dynamic library libcublas.so.11
2024-01-19 17:48:16.358716: I tensorflow/stream_executor/platform/default/dso_loader.cc:49] Successfully opened dynamic library libcublasLt.so.11
2024-01-19 17:48:16.361126: I tensorflow/stream_executor/platform/default/dso_loader.cc:49] Successfully opened dynamic library libcufft.so.10
2024-01-19 17:48:16.361489: I tensorflow/stream_executor/platform/default/dso_loader.cc:49] Successfully opened dynamic library libcurand.so.10
2024-01-19 17:48:16.362942: I tensorflow/stream_executor/platform/default/dso_loader.cc:49] Successfully opened dynamic library libcusolver.so.10
2024-01-19 17:48:16.363689: I tensorflow/stream_executor/platform/default/dso_loader.cc:49] Successfully opened dynamic library libcusparse.so.11
2024-01-19 17:48:16.363895: I tensorflow/stream_executor/platform/default/dso_loader.cc:49] Successfully opened dynamic library libcudnn.so.8
2024-01-19 17:48:16.364417: I tensorflow/core/common_runtime/gpu/gpu_device.cc:1862] Adding visible gpu devices: 0, 1
2024-01-19 17:48:16.364746: I tensorflow/core/platform/cpu_feature_guard.cc:142] This TensorFlow binary is optimized with oneAPI Deep Neural Network Library (oneDNN) to use the following CPU instructions in performance-critical operations:  AVX512F
To enable them in other operations, rebuild TensorFlow with the appropriate compiler flags.
2024-01-19 17:48:16.391699: I tensorflow/core/platform/profile_utils/cpu_utils.cc:112] CPU Frequency: 3499910000 Hz
2024-01-19 17:48:16.393728: I tensorflow/compiler/xla/service/service.cc:168] XLA service 0x1b6efb0 initialized for platform Host (this does not guarantee that XLA will be used). Devices:
2024-01-19 17:48:16.393778: I tensorflow/compiler/xla/service/service.cc:176]   StreamExecutor device (0): Host, Default Version
2024-01-19 17:48:16.540717: I tensorflow/compiler/xla/service/service.cc:168] XLA service 0x359c890 initialized for platform CUDA (this does not guarantee that XLA will be used). Devices:
2024-01-19 17:48:16.540792: I tensorflow/compiler/xla/service/service.cc:176]   StreamExecutor device (0): NVIDIA GeForce RTX 3090, Compute Capability 8.6
2024-01-19 17:48:16.540826: I tensorflow/compiler/xla/service/service.cc:176]   StreamExecutor device (1): NVIDIA GeForce RTX 3090, Compute Capability 8.6
2024-01-19 17:48:16.541664: I tensorflow/core/common_runtime/gpu/gpu_device.cc:1720] Found device 0 with properties: 
pciBusID: 0000:17:00.0 name: NVIDIA GeForce RTX 3090 computeCapability: 8.6
coreClock: 1.755GHz coreCount: 82 deviceMemorySize: 23.69GiB deviceMemoryBandwidth: 871.81GiB/s
2024-01-19 17:48:16.541977: I tensorflow/core/common_runtime/gpu/gpu_device.cc:1720] Found device 1 with properties: 
pciBusID: 0000:65:00.0 name: NVIDIA GeForce RTX 3090 computeCapability: 8.6
coreClock: 1.755GHz coreCount: 82 deviceMemorySize: 23.69GiB deviceMemoryBandwidth: 871.81GiB/s
2024-01-19 17:48:16.542037: I tensorflow/stream_executor/platform/default/dso_loader.cc:49] Successfully opened dynamic library libcudart.so.11.0
2024-01-19 17:48:16.542085: I tensorflow/stream_executor/platform/default/dso_loader.cc:49] Successfully opened dynamic library libcublas.so.11
2024-01-19 17:48:16.542110: I tensorflow/stream_executor/platform/default/dso_loader.cc:49] Successfully opened dynamic library libcublasLt.so.11
2024-01-19 17:48:16.542134: I tensorflow/stream_executor/platform/default/dso_loader.cc:49] Successfully opened dynamic library libcufft.so.10
2024-01-19 17:48:16.542159: I tensorflow/stream_executor/platform/default/dso_loader.cc:49] Successfully opened dynamic library libcurand.so.10
2024-01-19 17:48:16.542182: I tensorflow/stream_executor/platform/default/dso_loader.cc:49] Successfully opened dynamic library libcusolver.so.10
2024-01-19 17:48:16.542206: I tensorflow/stream_executor/platform/default/dso_loader.cc:49] Successfully opened dynamic library libcusparse.so.11
2024-01-19 17:48:16.542229: I tensorflow/stream_executor/platform/default/dso_loader.cc:49] Successfully opened dynamic library libcudnn.so.8
2024-01-19 17:48:16.543157: I tensorflow/core/common_runtime/gpu/gpu_device.cc:1862] Adding visible gpu devices: 0, 1
2024-01-19 17:48:16.543220: I tensorflow/stream_executor/platform/default/dso_loader.cc:49] Successfully opened dynamic library libcudart.so.11.0
2024-01-19 17:48:16.563880: I tensorflow/core/common_runtime/gpu/gpu_device.cc:1261] Device interconnect StreamExecutor with strength 1 edge matrix:
2024-01-19 17:48:16.563918: I tensorflow/core/common_runtime/gpu/gpu_device.cc:1267]      0 1 
2024-01-19 17:48:16.563927: I tensorflow/core/common_runtime/gpu/gpu_device.cc:1280] 0:   N N 
2024-01-19 17:48:16.563932: I tensorflow/core/common_runtime/gpu/gpu_device.cc:1280] 1:   N N 
2024-01-19 17:48:16.564499: I tensorflow/core/common_runtime/gpu/gpu_device.cc:1406] Created TensorFlow device (/job:localhost/replica:0/task:0/device:GPU:0 with 22550 MB memory) -> physical GPU (device: 0, name: NVIDIA GeForce RTX 3090, pci bus id: 0000:17:00.0, compute capability: 8.6)
2024-01-19 17:48:16.565122: I tensorflow/core/common_runtime/gpu/gpu_device.cc:1406] Created TensorFlow device (/job:localhost/replica:0/task:0/device:GPU:1 with 22535 MB memory) -> physical GPU (device: 1, name: NVIDIA GeForce RTX 3090, pci bus id: 0000:65:00.0, compute capability: 8.6)
2024-01-19 17:48:16.854252: I tensorflow/compiler/mlir/mlir_graph_optimization_pass.cc:116] None of the MLIR optimization passes are enabled (registered 2)
2024-01-19 17:48:17.394516: I tensorflow/stream_executor/platform/default/dso_loader.cc:49] Successfully opened dynamic library libcublas.so.11
2024-01-19 17:48:17.408789: I tensorflow/stream_executor/platform/default/dso_loader.cc:49] Successfully opened dynamic library libcublasLt.so.11
2024-01-19 17:48:17.435388: I tensorflow/stream_executor/platform/default/dso_loader.cc:49] Successfully opened dynamic library libcudnn.so.8
2024-01-19 17:48:20.007698: I tensorflow/stream_executor/cuda/cuda_blas.cc:1838] TensorFloat-32 will be used for the matrix multiplication. This will only be logged once.



2024-01-21 22:40:09.872648: I tensorflow/stream_executor/platform/default/dso_loader.cc:49] Successfully opened dynamic library libcudart.so.11.0
2024-01-21 22:40:13.469914: I tensorflow/stream_executor/platform/default/dso_loader.cc:49] Successfully opened dynamic library libcuda.so.1
2024-01-21 22:40:13.520637: I tensorflow/core/common_runtime/gpu/gpu_device.cc:1720] Found device 0 with properties: 
pciBusID: 0000:17:00.0 name: NVIDIA GeForce RTX 3090 computeCapability: 8.6
coreClock: 1.755GHz coreCount: 82 deviceMemorySize: 23.69GiB deviceMemoryBandwidth: 871.81GiB/s
2024-01-21 22:40:13.520919: I tensorflow/core/common_runtime/gpu/gpu_device.cc:1720] Found device 1 with properties: 
pciBusID: 0000:65:00.0 name: NVIDIA GeForce RTX 3090 computeCapability: 8.6
coreClock: 1.755GHz coreCount: 82 deviceMemorySize: 23.69GiB deviceMemoryBandwidth: 871.81GiB/s
2024-01-21 22:40:13.520972: I tensorflow/stream_executor/platform/default/dso_loader.cc:49] Successfully opened dynamic library libcudart.so.11.0
2024-01-21 22:40:13.657496: I tensorflow/stream_executor/platform/default/dso_loader.cc:49] Successfully opened dynamic library libcublas.so.11
2024-01-21 22:40:13.657772: I tensorflow/stream_executor/platform/default/dso_loader.cc:49] Successfully opened dynamic library libcublasLt.so.11
2024-01-21 22:40:13.677065: I tensorflow/stream_executor/platform/default/dso_loader.cc:49] Successfully opened dynamic library libcufft.so.10
2024-01-21 22:40:13.681392: I tensorflow/stream_executor/platform/default/dso_loader.cc:49] Successfully opened dynamic library libcurand.so.10
2024-01-21 22:40:13.717219: I tensorflow/stream_executor/platform/default/dso_loader.cc:49] Successfully opened dynamic library libcusolver.so.10
2024-01-21 22:40:13.725412: I tensorflow/stream_executor/platform/default/dso_loader.cc:49] Successfully opened dynamic library libcusparse.so.11
2024-01-21 22:40:13.726585: I tensorflow/stream_executor/platform/default/dso_loader.cc:49] Successfully opened dynamic library libcudnn.so.8
2024-01-21 22:40:13.728419: I tensorflow/core/common_runtime/gpu/gpu_device.cc:1862] Adding visible gpu devices: 0, 1
2024-01-21 22:40:13.729121: I tensorflow/core/platform/cpu_feature_guard.cc:142] This TensorFlow binary is optimized with oneAPI Deep Neural Network Library (oneDNN) to use the following CPU instructions in performance-critical operations:  AVX512F
To enable them in other operations, rebuild TensorFlow with the appropriate compiler flags.
2024-01-21 22:40:13.767282: I tensorflow/core/platform/profile_utils/cpu_utils.cc:112] CPU Frequency: 3499910000 Hz
2024-01-21 22:40:13.769785: I tensorflow/compiler/xla/service/service.cc:168] XLA service 0x2d19010 initialized for platform Host (this does not guarantee that XLA will be used). Devices:
2024-01-21 22:40:13.769841: I tensorflow/compiler/xla/service/service.cc:176]   StreamExecutor device (0): Host, Default Version
2024-01-21 22:40:14.009870: I tensorflow/compiler/xla/service/service.cc:168] XLA service 0x4745130 initialized for platform CUDA (this does not guarantee that XLA will be used). Devices:
2024-01-21 22:40:14.009954: I tensorflow/compiler/xla/service/service.cc:176]   StreamExecutor device (0): NVIDIA GeForce RTX 3090, Compute Capability 8.6
2024-01-21 22:40:14.009976: I tensorflow/compiler/xla/service/service.cc:176]   StreamExecutor device (1): NVIDIA GeForce RTX 3090, Compute Capability 8.6
2024-01-21 22:40:14.011812: I tensorflow/core/common_runtime/gpu/gpu_device.cc:1720] Found device 0 with properties: 
pciBusID: 0000:17:00.0 name: NVIDIA GeForce RTX 3090 computeCapability: 8.6
coreClock: 1.755GHz coreCount: 82 deviceMemorySize: 23.69GiB deviceMemoryBandwidth: 871.81GiB/s
2024-01-21 22:40:14.012039: I tensorflow/core/common_runtime/gpu/gpu_device.cc:1720] Found device 1 with properties: 
pciBusID: 0000:65:00.0 name: NVIDIA GeForce RTX 3090 computeCapability: 8.6
coreClock: 1.755GHz coreCount: 82 deviceMemorySize: 23.69GiB deviceMemoryBandwidth: 871.81GiB/s
2024-01-21 22:40:14.012083: I tensorflow/stream_executor/platform/default/dso_loader.cc:49] Successfully opened dynamic library libcudart.so.11.0
2024-01-21 22:40:14.012121: I tensorflow/stream_executor/platform/default/dso_loader.cc:49] Successfully opened dynamic library libcublas.so.11
2024-01-21 22:40:14.012148: I tensorflow/stream_executor/platform/default/dso_loader.cc:49] Successfully opened dynamic library libcublasLt.so.11
2024-01-21 22:40:14.012165: I tensorflow/stream_executor/platform/default/dso_loader.cc:49] Successfully opened dynamic library libcufft.so.10
2024-01-21 22:40:14.012180: I tensorflow/stream_executor/platform/default/dso_loader.cc:49] Successfully opened dynamic library libcurand.so.10
2024-01-21 22:40:14.012196: I tensorflow/stream_executor/platform/default/dso_loader.cc:49] Successfully opened dynamic library libcusolver.so.10
2024-01-21 22:40:14.012228: I tensorflow/stream_executor/platform/default/dso_loader.cc:49] Successfully opened dynamic library libcusparse.so.11
2024-01-21 22:40:14.012244: I tensorflow/stream_executor/platform/default/dso_loader.cc:49] Successfully opened dynamic library libcudnn.so.8
2024-01-21 22:40:14.012902: I tensorflow/core/common_runtime/gpu/gpu_device.cc:1862] Adding visible gpu devices: 0, 1
2024-01-21 22:40:14.013467: I tensorflow/stream_executor/platform/default/dso_loader.cc:49] Successfully opened dynamic library libcudart.so.11.0
2024-01-21 22:40:14.043047: I tensorflow/core/common_runtime/gpu/gpu_device.cc:1261] Device interconnect StreamExecutor with strength 1 edge matrix:
2024-01-21 22:40:14.043091: I tensorflow/core/common_runtime/gpu/gpu_device.cc:1267]      0 1 
2024-01-21 22:40:14.043103: I tensorflow/core/common_runtime/gpu/gpu_device.cc:1280] 0:   N N 
2024-01-21 22:40:14.043109: I tensorflow/core/common_runtime/gpu/gpu_device.cc:1280] 1:   N N 
2024-01-21 22:40:14.044647: I tensorflow/core/common_runtime/gpu/gpu_device.cc:1406] Created TensorFlow device (/job:localhost/replica:0/task:0/device:GPU:0 with 22550 MB memory) -> physical GPU (device: 0, name: NVIDIA GeForce RTX 3090, pci bus id: 0000:17:00.0, compute capability: 8.6)
2024-01-21 22:40:14.046047: I tensorflow/core/common_runtime/gpu/gpu_device.cc:1406] Created TensorFlow device (/job:localhost/replica:0/task:0/device:GPU:1 with 22535 MB memory) -> physical GPU (device: 1, name: NVIDIA GeForce RTX 3090, pci bus id: 0000:65:00.0, compute capability: 8.6)
2024-01-21 22:40:14.406882: I tensorflow/compiler/mlir/mlir_graph_optimization_pass.cc:116] None of the MLIR optimization passes are enabled (registered 2)
2024-01-21 22:40:14.953356: I tensorflow/stream_executor/platform/default/dso_loader.cc:49] Successfully opened dynamic library libcublas.so.11
2024-01-21 22:40:15.045142: I tensorflow/stream_executor/platform/default/dso_loader.cc:49] Successfully opened dynamic library libcublasLt.so.11
2024-01-21 22:40:15.101097: I tensorflow/stream_executor/platform/default/dso_loader.cc:49] Successfully opened dynamic library libcudnn.so.8
2024-01-21 22:40:20.339729: I tensorflow/stream_executor/cuda/cuda_blas.cc:1838] TensorFloat-32 will be used for the matrix multiplication. This will only be logged once.



2024-01-22 11:54:14.573616: I tensorflow/stream_executor/platform/default/dso_loader.cc:49] Successfully opened dynamic library libcudart.so.11.0
2024-01-22 11:54:16.502193: I tensorflow/stream_executor/platform/default/dso_loader.cc:49] Successfully opened dynamic library libcuda.so.1
2024-01-22 11:54:16.556356: I tensorflow/core/common_runtime/gpu/gpu_device.cc:1720] Found device 0 with properties: 
pciBusID: 0000:17:00.0 name: NVIDIA GeForce RTX 3090 computeCapability: 8.6
coreClock: 1.755GHz coreCount: 82 deviceMemorySize: 23.69GiB deviceMemoryBandwidth: 871.81GiB/s
2024-01-22 11:54:16.556553: I tensorflow/core/common_runtime/gpu/gpu_device.cc:1720] Found device 1 with properties: 
pciBusID: 0000:65:00.0 name: NVIDIA GeForce RTX 3090 computeCapability: 8.6
coreClock: 1.755GHz coreCount: 82 deviceMemorySize: 23.69GiB deviceMemoryBandwidth: 871.81GiB/s
2024-01-22 11:54:16.556584: I tensorflow/stream_executor/platform/default/dso_loader.cc:49] Successfully opened dynamic library libcudart.so.11.0
2024-01-22 11:54:16.573363: I tensorflow/stream_executor/platform/default/dso_loader.cc:49] Successfully opened dynamic library libcublas.so.11
2024-01-22 11:54:16.573503: I tensorflow/stream_executor/platform/default/dso_loader.cc:49] Successfully opened dynamic library libcublasLt.so.11
2024-01-22 11:54:16.575881: I tensorflow/stream_executor/platform/default/dso_loader.cc:49] Successfully opened dynamic library libcufft.so.10
2024-01-22 11:54:16.576237: I tensorflow/stream_executor/platform/default/dso_loader.cc:49] Successfully opened dynamic library libcurand.so.10
2024-01-22 11:54:16.577589: I tensorflow/stream_executor/platform/default/dso_loader.cc:49] Successfully opened dynamic library libcusolver.so.10
2024-01-22 11:54:16.578315: I tensorflow/stream_executor/platform/default/dso_loader.cc:49] Successfully opened dynamic library libcusparse.so.11
2024-01-22 11:54:16.578497: I tensorflow/stream_executor/platform/default/dso_loader.cc:49] Successfully opened dynamic library libcudnn.so.8
2024-01-22 11:54:16.579033: I tensorflow/core/common_runtime/gpu/gpu_device.cc:1862] Adding visible gpu devices: 0, 1
2024-01-22 11:54:16.579359: I tensorflow/core/platform/cpu_feature_guard.cc:142] This TensorFlow binary is optimized with oneAPI Deep Neural Network Library (oneDNN) to use the following CPU instructions in performance-critical operations:  AVX512F
To enable them in other operations, rebuild TensorFlow with the appropriate compiler flags.
2024-01-22 11:54:16.586739: I tensorflow/core/platform/profile_utils/cpu_utils.cc:112] CPU Frequency: 3499910000 Hz
2024-01-22 11:54:16.587856: I tensorflow/compiler/xla/service/service.cc:168] XLA service 0x30e51a0 initialized for platform Host (this does not guarantee that XLA will be used). Devices:
2024-01-22 11:54:16.587888: I tensorflow/compiler/xla/service/service.cc:176]   StreamExecutor device (0): Host, Default Version
2024-01-22 11:54:16.728761: I tensorflow/compiler/xla/service/service.cc:168] XLA service 0x4b12320 initialized for platform CUDA (this does not guarantee that XLA will be used). Devices:
2024-01-22 11:54:16.728805: I tensorflow/compiler/xla/service/service.cc:176]   StreamExecutor device (0): NVIDIA GeForce RTX 3090, Compute Capability 8.6
2024-01-22 11:54:16.728813: I tensorflow/compiler/xla/service/service.cc:176]   StreamExecutor device (1): NVIDIA GeForce RTX 3090, Compute Capability 8.6
2024-01-22 11:54:16.729327: I tensorflow/core/common_runtime/gpu/gpu_device.cc:1720] Found device 0 with properties: 
pciBusID: 0000:17:00.0 name: NVIDIA GeForce RTX 3090 computeCapability: 8.6
coreClock: 1.755GHz coreCount: 82 deviceMemorySize: 23.69GiB deviceMemoryBandwidth: 871.81GiB/s
2024-01-22 11:54:16.729523: I tensorflow/core/common_runtime/gpu/gpu_device.cc:1720] Found device 1 with properties: 
pciBusID: 0000:65:00.0 name: NVIDIA GeForce RTX 3090 computeCapability: 8.6
coreClock: 1.755GHz coreCount: 82 deviceMemorySize: 23.69GiB deviceMemoryBandwidth: 871.81GiB/s
2024-01-22 11:54:16.729566: I tensorflow/stream_executor/platform/default/dso_loader.cc:49] Successfully opened dynamic library libcudart.so.11.0
2024-01-22 11:54:16.729603: I tensorflow/stream_executor/platform/default/dso_loader.cc:49] Successfully opened dynamic library libcublas.so.11
2024-01-22 11:54:16.729617: I tensorflow/stream_executor/platform/default/dso_loader.cc:49] Successfully opened dynamic library libcublasLt.so.11
2024-01-22 11:54:16.729631: I tensorflow/stream_executor/platform/default/dso_loader.cc:49] Successfully opened dynamic library libcufft.so.10
2024-01-22 11:54:16.729645: I tensorflow/stream_executor/platform/default/dso_loader.cc:49] Successfully opened dynamic library libcurand.so.10
2024-01-22 11:54:16.729658: I tensorflow/stream_executor/platform/default/dso_loader.cc:49] Successfully opened dynamic library libcusolver.so.10
2024-01-22 11:54:16.729671: I tensorflow/stream_executor/platform/default/dso_loader.cc:49] Successfully opened dynamic library libcusparse.so.11
2024-01-22 11:54:16.729685: I tensorflow/stream_executor/platform/default/dso_loader.cc:49] Successfully opened dynamic library libcudnn.so.8
2024-01-22 11:54:16.730235: I tensorflow/core/common_runtime/gpu/gpu_device.cc:1862] Adding visible gpu devices: 0, 1
2024-01-22 11:54:16.730289: I tensorflow/stream_executor/platform/default/dso_loader.cc:49] Successfully opened dynamic library libcudart.so.11.0
2024-01-22 11:54:16.743605: I tensorflow/core/common_runtime/gpu/gpu_device.cc:1261] Device interconnect StreamExecutor with strength 1 edge matrix:
2024-01-22 11:54:16.743643: I tensorflow/core/common_runtime/gpu/gpu_device.cc:1267]      0 1 
2024-01-22 11:54:16.743650: I tensorflow/core/common_runtime/gpu/gpu_device.cc:1280] 0:   N N 
2024-01-22 11:54:16.743654: I tensorflow/core/common_runtime/gpu/gpu_device.cc:1280] 1:   N N 
2024-01-22 11:54:16.744147: I tensorflow/core/common_runtime/gpu/gpu_device.cc:1406] Created TensorFlow device (/job:localhost/replica:0/task:0/device:GPU:0 with 22550 MB memory) -> physical GPU (device: 0, name: NVIDIA GeForce RTX 3090, pci bus id: 0000:17:00.0, compute capability: 8.6)
2024-01-22 11:54:16.744728: I tensorflow/core/common_runtime/gpu/gpu_device.cc:1406] Created TensorFlow device (/job:localhost/replica:0/task:0/device:GPU:1 with 22535 MB memory) -> physical GPU (device: 1, name: NVIDIA GeForce RTX 3090, pci bus id: 0000:65:00.0, compute capability: 8.6)
2024-01-22 11:54:17.032687: I tensorflow/compiler/mlir/mlir_graph_optimization_pass.cc:116] None of the MLIR optimization passes are enabled (registered 2)
2024-01-22 11:54:17.600304: I tensorflow/stream_executor/platform/default/dso_loader.cc:49] Successfully opened dynamic library libcublas.so.11
2024-01-22 11:54:17.619344: I tensorflow/stream_executor/platform/default/dso_loader.cc:49] Successfully opened dynamic library libcublasLt.so.11
2024-01-22 11:54:17.654634: I tensorflow/stream_executor/platform/default/dso_loader.cc:49] Successfully opened dynamic library libcudnn.so.8
2024-01-22 11:54:20.060268: I tensorflow/stream_executor/cuda/cuda_blas.cc:1838] TensorFloat-32 will be used for the matrix multiplication. This will only be logged once.



2024-01-22 17:02:43.298335: I tensorflow/stream_executor/platform/default/dso_loader.cc:49] Successfully opened dynamic library libcudart.so.11.0
2024-01-22 17:02:45.192901: I tensorflow/stream_executor/platform/default/dso_loader.cc:49] Successfully opened dynamic library libcuda.so.1
2024-01-22 17:02:45.250047: I tensorflow/core/common_runtime/gpu/gpu_device.cc:1720] Found device 0 with properties: 
pciBusID: 0000:17:00.0 name: NVIDIA GeForce RTX 3090 computeCapability: 8.6
coreClock: 1.755GHz coreCount: 82 deviceMemorySize: 23.69GiB deviceMemoryBandwidth: 871.81GiB/s
2024-01-22 17:02:45.250245: I tensorflow/core/common_runtime/gpu/gpu_device.cc:1720] Found device 1 with properties: 
pciBusID: 0000:65:00.0 name: NVIDIA GeForce RTX 3090 computeCapability: 8.6
coreClock: 1.755GHz coreCount: 82 deviceMemorySize: 23.69GiB deviceMemoryBandwidth: 871.81GiB/s
2024-01-22 17:02:45.250278: I tensorflow/stream_executor/platform/default/dso_loader.cc:49] Successfully opened dynamic library libcudart.so.11.0
2024-01-22 17:02:45.267276: I tensorflow/stream_executor/platform/default/dso_loader.cc:49] Successfully opened dynamic library libcublas.so.11
2024-01-22 17:02:45.267425: I tensorflow/stream_executor/platform/default/dso_loader.cc:49] Successfully opened dynamic library libcublasLt.so.11
2024-01-22 17:02:45.269773: I tensorflow/stream_executor/platform/default/dso_loader.cc:49] Successfully opened dynamic library libcufft.so.10
2024-01-22 17:02:45.270117: I tensorflow/stream_executor/platform/default/dso_loader.cc:49] Successfully opened dynamic library libcurand.so.10
2024-01-22 17:02:45.271502: I tensorflow/stream_executor/platform/default/dso_loader.cc:49] Successfully opened dynamic library libcusolver.so.10
2024-01-22 17:02:45.272246: I tensorflow/stream_executor/platform/default/dso_loader.cc:49] Successfully opened dynamic library libcusparse.so.11
2024-01-22 17:02:45.272448: I tensorflow/stream_executor/platform/default/dso_loader.cc:49] Successfully opened dynamic library libcudnn.so.8
2024-01-22 17:02:45.272997: I tensorflow/core/common_runtime/gpu/gpu_device.cc:1862] Adding visible gpu devices: 0, 1
2024-01-22 17:02:45.273333: I tensorflow/core/platform/cpu_feature_guard.cc:142] This TensorFlow binary is optimized with oneAPI Deep Neural Network Library (oneDNN) to use the following CPU instructions in performance-critical operations:  AVX512F
To enable them in other operations, rebuild TensorFlow with the appropriate compiler flags.
2024-01-22 17:02:45.299264: I tensorflow/core/platform/profile_utils/cpu_utils.cc:112] CPU Frequency: 3499910000 Hz
2024-01-22 17:02:45.301201: I tensorflow/compiler/xla/service/service.cc:168] XLA service 0x1581e20 initialized for platform Host (this does not guarantee that XLA will be used). Devices:
2024-01-22 17:02:45.301252: I tensorflow/compiler/xla/service/service.cc:176]   StreamExecutor device (0): Host, Default Version
2024-01-22 17:02:45.468798: I tensorflow/compiler/xla/service/service.cc:168] XLA service 0x2fafbc0 initialized for platform CUDA (this does not guarantee that XLA will be used). Devices:
2024-01-22 17:02:45.468875: I tensorflow/compiler/xla/service/service.cc:176]   StreamExecutor device (0): NVIDIA GeForce RTX 3090, Compute Capability 8.6
2024-01-22 17:02:45.468894: I tensorflow/compiler/xla/service/service.cc:176]   StreamExecutor device (1): NVIDIA GeForce RTX 3090, Compute Capability 8.6
2024-01-22 17:02:45.469755: I tensorflow/core/common_runtime/gpu/gpu_device.cc:1720] Found device 0 with properties: 
pciBusID: 0000:17:00.0 name: NVIDIA GeForce RTX 3090 computeCapability: 8.6
coreClock: 1.755GHz coreCount: 82 deviceMemorySize: 23.69GiB deviceMemoryBandwidth: 871.81GiB/s
2024-01-22 17:02:45.470092: I tensorflow/core/common_runtime/gpu/gpu_device.cc:1720] Found device 1 with properties: 
pciBusID: 0000:65:00.0 name: NVIDIA GeForce RTX 3090 computeCapability: 8.6
coreClock: 1.755GHz coreCount: 82 deviceMemorySize: 23.69GiB deviceMemoryBandwidth: 871.81GiB/s
2024-01-22 17:02:45.470151: I tensorflow/stream_executor/platform/default/dso_loader.cc:49] Successfully opened dynamic library libcudart.so.11.0
2024-01-22 17:02:45.470198: I tensorflow/stream_executor/platform/default/dso_loader.cc:49] Successfully opened dynamic library libcublas.so.11
2024-01-22 17:02:45.470225: I tensorflow/stream_executor/platform/default/dso_loader.cc:49] Successfully opened dynamic library libcublasLt.so.11
2024-01-22 17:02:45.470251: I tensorflow/stream_executor/platform/default/dso_loader.cc:49] Successfully opened dynamic library libcufft.so.10
2024-01-22 17:02:45.470277: I tensorflow/stream_executor/platform/default/dso_loader.cc:49] Successfully opened dynamic library libcurand.so.10
2024-01-22 17:02:45.470302: I tensorflow/stream_executor/platform/default/dso_loader.cc:49] Successfully opened dynamic library libcusolver.so.10
2024-01-22 17:02:45.470328: I tensorflow/stream_executor/platform/default/dso_loader.cc:49] Successfully opened dynamic library libcusparse.so.11
2024-01-22 17:02:45.470354: I tensorflow/stream_executor/platform/default/dso_loader.cc:49] Successfully opened dynamic library libcudnn.so.8
2024-01-22 17:02:45.471256: I tensorflow/core/common_runtime/gpu/gpu_device.cc:1862] Adding visible gpu devices: 0, 1
2024-01-22 17:02:45.471308: I tensorflow/stream_executor/platform/default/dso_loader.cc:49] Successfully opened dynamic library libcudart.so.11.0
2024-01-22 17:02:45.481120: I tensorflow/core/common_runtime/gpu/gpu_device.cc:1261] Device interconnect StreamExecutor with strength 1 edge matrix:
2024-01-22 17:02:45.481150: I tensorflow/core/common_runtime/gpu/gpu_device.cc:1267]      0 1 
2024-01-22 17:02:45.481155: I tensorflow/core/common_runtime/gpu/gpu_device.cc:1280] 0:   N N 
2024-01-22 17:02:45.481159: I tensorflow/core/common_runtime/gpu/gpu_device.cc:1280] 1:   N N 
2024-01-22 17:02:45.481628: I tensorflow/core/common_runtime/gpu/gpu_device.cc:1406] Created TensorFlow device (/job:localhost/replica:0/task:0/device:GPU:0 with 22550 MB memory) -> physical GPU (device: 0, name: NVIDIA GeForce RTX 3090, pci bus id: 0000:17:00.0, compute capability: 8.6)
2024-01-22 17:02:45.482164: I tensorflow/core/common_runtime/gpu/gpu_device.cc:1406] Created TensorFlow device (/job:localhost/replica:0/task:0/device:GPU:1 with 22535 MB memory) -> physical GPU (device: 1, name: NVIDIA GeForce RTX 3090, pci bus id: 0000:65:00.0, compute capability: 8.6)
2024-01-22 17:02:45.768384: I tensorflow/compiler/mlir/mlir_graph_optimization_pass.cc:116] None of the MLIR optimization passes are enabled (registered 2)
2024-01-22 17:02:46.310347: I tensorflow/stream_executor/platform/default/dso_loader.cc:49] Successfully opened dynamic library libcublas.so.11
2024-01-22 17:02:46.339388: I tensorflow/stream_executor/platform/default/dso_loader.cc:49] Successfully opened dynamic library libcublasLt.so.11
2024-01-22 17:02:46.378087: I tensorflow/stream_executor/platform/default/dso_loader.cc:49] Successfully opened dynamic library libcudnn.so.8
2024-01-22 17:02:48.821027: I tensorflow/stream_executor/cuda/cuda_blas.cc:1838] TensorFloat-32 will be used for the matrix multiplication. This will only be logged once.



2024-01-25 15:25:54.667893: I tensorflow/stream_executor/platform/default/dso_loader.cc:49] Successfully opened dynamic library libcudart.so.11.0
2024-01-25 15:25:58.632278: I tensorflow/stream_executor/platform/default/dso_loader.cc:49] Successfully opened dynamic library libcuda.so.1
2024-01-25 15:25:58.662031: E tensorflow/stream_executor/cuda/cuda_driver.cc:328] failed call to cuInit: CUDA_ERROR_COMPAT_NOT_SUPPORTED_ON_DEVICE: forward compatibility was attempted on non supported HW
2024-01-25 15:25:58.662087: I tensorflow/stream_executor/cuda/cuda_diagnostics.cc:169] retrieving CUDA diagnostic information for host: bit
2024-01-25 15:25:58.662099: I tensorflow/stream_executor/cuda/cuda_diagnostics.cc:176] hostname: bit
2024-01-25 15:25:58.662545: I tensorflow/stream_executor/cuda/cuda_diagnostics.cc:200] libcuda reported version is: 535.154.5
2024-01-25 15:25:58.662585: I tensorflow/stream_executor/cuda/cuda_diagnostics.cc:204] kernel reported version is: 535.146.2
2024-01-25 15:25:58.662596: E tensorflow/stream_executor/cuda/cuda_diagnostics.cc:313] kernel version 535.146.2 does not match DSO version 535.154.5 -- cannot find working devices in this configuration
2024-01-25 15:25:58.662912: I tensorflow/core/platform/cpu_feature_guard.cc:142] This TensorFlow binary is optimized with oneAPI Deep Neural Network Library (oneDNN) to use the following CPU instructions in performance-critical operations:  AVX512F
To enable them in other operations, rebuild TensorFlow with the appropriate compiler flags.
2024-01-25 15:25:58.696957: I tensorflow/core/platform/profile_utils/cpu_utils.cc:112] CPU Frequency: 3499910000 Hz
2024-01-25 15:25:58.698777: I tensorflow/compiler/xla/service/service.cc:168] XLA service 0x2890010 initialized for platform Host (this does not guarantee that XLA will be used). Devices:
2024-01-25 15:25:58.698811: I tensorflow/compiler/xla/service/service.cc:176]   StreamExecutor device (0): Host, Default Version
2024-01-25 15:25:58.889351: I tensorflow/compiler/mlir/mlir_graph_optimization_pass.cc:116] None of the MLIR optimization passes are enabled (registered 2)



2024-01-25 16:28:06.343210: I tensorflow/stream_executor/platform/default/dso_loader.cc:49] Successfully opened dynamic library libcudart.so.11.0
2024-01-25 16:28:10.417765: I tensorflow/stream_executor/platform/default/dso_loader.cc:49] Successfully opened dynamic library libcuda.so.1
2024-01-25 16:28:10.482290: I tensorflow/core/common_runtime/gpu/gpu_device.cc:1720] Found device 0 with properties: 
pciBusID: 0000:17:00.0 name: NVIDIA GeForce RTX 3090 computeCapability: 8.6
coreClock: 1.755GHz coreCount: 82 deviceMemorySize: 23.69GiB deviceMemoryBandwidth: 871.81GiB/s
2024-01-25 16:28:10.482751: I tensorflow/core/common_runtime/gpu/gpu_device.cc:1720] Found device 1 with properties: 
pciBusID: 0000:65:00.0 name: NVIDIA GeForce RTX 3090 computeCapability: 8.6
coreClock: 1.755GHz coreCount: 82 deviceMemorySize: 23.69GiB deviceMemoryBandwidth: 871.81GiB/s
2024-01-25 16:28:10.482804: I tensorflow/stream_executor/platform/default/dso_loader.cc:49] Successfully opened dynamic library libcudart.so.11.0
2024-01-25 16:28:10.619283: I tensorflow/stream_executor/platform/default/dso_loader.cc:49] Successfully opened dynamic library libcublas.so.11
2024-01-25 16:28:10.619590: I tensorflow/stream_executor/platform/default/dso_loader.cc:49] Successfully opened dynamic library libcublasLt.so.11
2024-01-25 16:28:10.638830: I tensorflow/stream_executor/platform/default/dso_loader.cc:49] Successfully opened dynamic library libcufft.so.10
2024-01-25 16:28:10.643169: I tensorflow/stream_executor/platform/default/dso_loader.cc:49] Successfully opened dynamic library libcurand.so.10
2024-01-25 16:28:10.678936: I tensorflow/stream_executor/platform/default/dso_loader.cc:49] Successfully opened dynamic library libcusolver.so.10
2024-01-25 16:28:10.687067: I tensorflow/stream_executor/platform/default/dso_loader.cc:49] Successfully opened dynamic library libcusparse.so.11
2024-01-25 16:28:10.688265: I tensorflow/stream_executor/platform/default/dso_loader.cc:49] Successfully opened dynamic library libcudnn.so.8
2024-01-25 16:28:10.690151: I tensorflow/core/common_runtime/gpu/gpu_device.cc:1862] Adding visible gpu devices: 0, 1
2024-01-25 16:28:10.690852: I tensorflow/core/platform/cpu_feature_guard.cc:142] This TensorFlow binary is optimized with oneAPI Deep Neural Network Library (oneDNN) to use the following CPU instructions in performance-critical operations:  AVX512F
To enable them in other operations, rebuild TensorFlow with the appropriate compiler flags.
2024-01-25 16:28:10.729626: I tensorflow/core/platform/profile_utils/cpu_utils.cc:112] CPU Frequency: 3499910000 Hz
2024-01-25 16:28:10.731845: I tensorflow/compiler/xla/service/service.cc:168] XLA service 0x2f881a0 initialized for platform Host (this does not guarantee that XLA will be used). Devices:
2024-01-25 16:28:10.731894: I tensorflow/compiler/xla/service/service.cc:176]   StreamExecutor device (0): Host, Default Version
2024-01-25 16:28:10.930591: I tensorflow/compiler/xla/service/service.cc:168] XLA service 0x49b4940 initialized for platform CUDA (this does not guarantee that XLA will be used). Devices:
2024-01-25 16:28:10.930652: I tensorflow/compiler/xla/service/service.cc:176]   StreamExecutor device (0): NVIDIA GeForce RTX 3090, Compute Capability 8.6
2024-01-25 16:28:10.930667: I tensorflow/compiler/xla/service/service.cc:176]   StreamExecutor device (1): NVIDIA GeForce RTX 3090, Compute Capability 8.6
2024-01-25 16:28:10.932099: I tensorflow/core/common_runtime/gpu/gpu_device.cc:1720] Found device 0 with properties: 
pciBusID: 0000:17:00.0 name: NVIDIA GeForce RTX 3090 computeCapability: 8.6
coreClock: 1.755GHz coreCount: 82 deviceMemorySize: 23.69GiB deviceMemoryBandwidth: 871.81GiB/s
2024-01-25 16:28:10.932335: I tensorflow/core/common_runtime/gpu/gpu_device.cc:1720] Found device 1 with properties: 
pciBusID: 0000:65:00.0 name: NVIDIA GeForce RTX 3090 computeCapability: 8.6
coreClock: 1.755GHz coreCount: 82 deviceMemorySize: 23.69GiB deviceMemoryBandwidth: 871.81GiB/s
2024-01-25 16:28:10.932380: I tensorflow/stream_executor/platform/default/dso_loader.cc:49] Successfully opened dynamic library libcudart.so.11.0
2024-01-25 16:28:10.932421: I tensorflow/stream_executor/platform/default/dso_loader.cc:49] Successfully opened dynamic library libcublas.so.11
2024-01-25 16:28:10.932438: I tensorflow/stream_executor/platform/default/dso_loader.cc:49] Successfully opened dynamic library libcublasLt.so.11
2024-01-25 16:28:10.932455: I tensorflow/stream_executor/platform/default/dso_loader.cc:49] Successfully opened dynamic library libcufft.so.10
2024-01-25 16:28:10.932471: I tensorflow/stream_executor/platform/default/dso_loader.cc:49] Successfully opened dynamic library libcurand.so.10
2024-01-25 16:28:10.932487: I tensorflow/stream_executor/platform/default/dso_loader.cc:49] Successfully opened dynamic library libcusolver.so.10
2024-01-25 16:28:10.932503: I tensorflow/stream_executor/platform/default/dso_loader.cc:49] Successfully opened dynamic library libcusparse.so.11
2024-01-25 16:28:10.932519: I tensorflow/stream_executor/platform/default/dso_loader.cc:49] Successfully opened dynamic library libcudnn.so.8
2024-01-25 16:28:10.933190: I tensorflow/core/common_runtime/gpu/gpu_device.cc:1862] Adding visible gpu devices: 0, 1
2024-01-25 16:28:10.933745: I tensorflow/stream_executor/platform/default/dso_loader.cc:49] Successfully opened dynamic library libcudart.so.11.0
2024-01-25 16:28:10.963571: I tensorflow/core/common_runtime/gpu/gpu_device.cc:1261] Device interconnect StreamExecutor with strength 1 edge matrix:
2024-01-25 16:28:10.963616: I tensorflow/core/common_runtime/gpu/gpu_device.cc:1267]      0 1 
2024-01-25 16:28:10.963626: I tensorflow/core/common_runtime/gpu/gpu_device.cc:1280] 0:   N N 
2024-01-25 16:28:10.963632: I tensorflow/core/common_runtime/gpu/gpu_device.cc:1280] 1:   N N 
2024-01-25 16:28:10.965504: I tensorflow/core/common_runtime/gpu/gpu_device.cc:1406] Created TensorFlow device (/job:localhost/replica:0/task:0/device:GPU:0 with 22550 MB memory) -> physical GPU (device: 0, name: NVIDIA GeForce RTX 3090, pci bus id: 0000:17:00.0, compute capability: 8.6)
2024-01-25 16:28:10.966973: I tensorflow/core/common_runtime/gpu/gpu_device.cc:1406] Created TensorFlow device (/job:localhost/replica:0/task:0/device:GPU:1 with 22535 MB memory) -> physical GPU (device: 1, name: NVIDIA GeForce RTX 3090, pci bus id: 0000:65:00.0, compute capability: 8.6)
2024-01-25 16:28:11.354039: I tensorflow/compiler/mlir/mlir_graph_optimization_pass.cc:116] None of the MLIR optimization passes are enabled (registered 2)
2024-01-25 16:28:11.885624: I tensorflow/stream_executor/platform/default/dso_loader.cc:49] Successfully opened dynamic library libcublas.so.11
2024-01-25 16:28:11.965301: I tensorflow/stream_executor/platform/default/dso_loader.cc:49] Successfully opened dynamic library libcublasLt.so.11
2024-01-25 16:28:12.028529: I tensorflow/stream_executor/platform/default/dso_loader.cc:49] Successfully opened dynamic library libcudnn.so.8
2024-01-25 16:28:17.331161: I tensorflow/stream_executor/cuda/cuda_blas.cc:1838] TensorFloat-32 will be used for the matrix multiplication. This will only be logged once.
